c:\users\walter mulwa\source\repos\cppclr_winformsprojekt5\cppclr_winformsprojekt5\x64\debug\oblique_shock.pch
c:\users\walter mulwa\source\repos\cppclr_winformsprojekt5\cppclr_winformsprojekt5\x64\debug\vc141.pdb
c:\users\walter mulwa\source\repos\cppclr_winformsprojekt5\cppclr_winformsprojekt5\x64\debug\stdafx.obj
c:\users\walter mulwa\source\repos\cppclr_winformsprojekt5\cppclr_winformsprojekt5\x64\debug\form1.obj
c:\users\walter mulwa\source\repos\cppclr_winformsprojekt5\cppclr_winformsprojekt5\x64\debug\cppclr_winformsprojekt.obj
c:\users\walter mulwa\source\repos\cppclr_winformsprojekt5\cppclr_winformsprojekt5\x64\debug\assemblyinfo.obj
c:\users\walter mulwa\source\repos\cppclr_winformsprojekt5\cppclr_winformsprojekt5\x64\debug\.netframework,version=v4.5.2.assemblyattributes.obj
c:\users\walter mulwa\source\repos\cppclr_winformsprojekt5\cppclr_winformsprojekt5\x64\debug\.netframework,version=v4.5.2.assemblyattributes.asm
c:\users\walter mulwa\source\repos\cppclr_winformsprojekt5\x64\debug\oblique_shock.exe
c:\users\walter mulwa\source\repos\cppclr_winformsprojekt5\x64\debug\oblique_shock.pdb
c:\users\walter mulwa\source\repos\cppclr_winformsprojekt5\cppclr_winformsprojekt5\x64\debug\cppclr_winformsprojekt5.form1.resources
c:\users\walter mulwa\source\repos\cppclr_winformsprojekt5\cppclr_winformsprojekt5\x64\debug\app.res
c:\users\walter mulwa\source\repos\cppclr_winformsprojekt5\cppclr_winformsprojekt5\x64\debug\cppclr_winformsprojekt5.vcxproj.generateresource.cache
c:\users\walter mulwa\source\repos\cppclr_winformsprojekt5\cppclr_winformsprojekt5\x64\debug\oblique_shock.tlog\cl.command.1.tlog
c:\users\walter mulwa\source\repos\cppclr_winformsprojekt5\cppclr_winformsprojekt5\x64\debug\oblique_shock.tlog\cl.read.1.tlog
c:\users\walter mulwa\source\repos\cppclr_winformsprojekt5\cppclr_winformsprojekt5\x64\debug\oblique_shock.tlog\cl.write.1.tlog
c:\users\walter mulwa\source\repos\cppclr_winformsprojekt5\cppclr_winformsprojekt5\x64\debug\oblique_shock.tlog\link.command.1.tlog
c:\users\walter mulwa\source\repos\cppclr_winformsprojekt5\cppclr_winformsprojekt5\x64\debug\oblique_shock.tlog\link.read.1.tlog
c:\users\walter mulwa\source\repos\cppclr_winformsprojekt5\cppclr_winformsprojekt5\x64\debug\oblique_shock.tlog\link.write.1.tlog
c:\users\walter mulwa\source\repos\cppclr_winformsprojekt5\cppclr_winformsprojekt5\x64\debug\oblique_shock.tlog\metagen.read.1.tlog
c:\users\walter mulwa\source\repos\cppclr_winformsprojekt5\cppclr_winformsprojekt5\x64\debug\oblique_shock.tlog\metagen.write.1.tlog
c:\users\walter mulwa\source\repos\cppclr_winformsprojekt5\cppclr_winformsprojekt5\x64\debug\oblique_shock.tlog\oblique_shock.write.1u.tlog
c:\users\walter mulwa\source\repos\cppclr_winformsprojekt5\cppclr_winformsprojekt5\x64\debug\oblique_shock.tlog\rc.command.1.tlog
c:\users\walter mulwa\source\repos\cppclr_winformsprojekt5\cppclr_winformsprojekt5\x64\debug\oblique_shock.tlog\rc.read.1.tlog
c:\users\walter mulwa\source\repos\cppclr_winformsprojekt5\cppclr_winformsprojekt5\x64\debug\oblique_shock.tlog\rc.write.1.tlog
c:\users\walter mulwa\source\repos\cppclr_winformsprojekt5\cppclr_winformsprojekt5\x64\debug\oblique_shock.tlog\tzres.dll.bi
